<?xml version="1.0" encoding="UTF-8"?>
<!-- Generated by org.testng.reporters.JUnitReportReporter -->
<testsuite skipped="0" hostname="MKHAKE2L2" name="com.ptc.axeda.tests.NewTest" tests="1" failures="0" timestamp="19 Jul 2017 13:46:26 GMT" time="23.893" errors="0">
  <testcase name="f" time="23.893" classname="com.ptc.axeda.tests.NewTest"/>
</testsuite> <!-- com.ptc.axeda.tests.NewTest -->
